<?xml version="1.0" encoding="UTF-8"?>
<testsuite name="TestSuite" time="37.939" tests="1" errors="0" skipped="0" failures="1">
  <properties>
[...]
</properties>
  <testcase name="testClickOnSignIn" classname="com.learning.tests.TestCaseTestNg" time="37.939">
    <failure message="Element not found in the cache - perhaps the page has changed since it was looked up&#10;Command duration or timeout: 15.53 seconds&#10;For documentation on this error, please visit: http://seleniumhq.org/exceptions/stale_element_reference.html&#10;Build info: version: &apos;2.47.1&apos;, revision: &apos;unknown&apos;, time: &apos;2015-07-30 11:02:44&apos;&#10;System info: host: &apos;Aidan&apos;, ip: &apos;192.168.0.15&apos;, os.name: &apos;Windows 10&apos;, os.arch: &apos;amd64&apos;, os.version: &apos;10.0&apos;, java.version: &apos;1.8.0_66&apos;&#10;Driver info: org.openqa.selenium.firefox.FirefoxDriver&#10;Capabilities [{applicationCacheEnabled=true, rotatable=false, handlesAlerts=true, databaseEnabled=true, version=42.0, platform=WINDOWS, nativeEvents=false, acceptSslCerts=true, webStorageEnabled=true, locationContextEnabled=true, browserName=firefox, takesScreenshot=true, javascriptEnabled=true, cssSelectorsEnabled=true}]&#10;Session ID: 129c2797-9575-45d4-bb76-a4b8e27ea835" type="org.openqa.selenium.StaleElementReferenceException"><![CDATA[org.openqa.selenium.StaleElementReferenceException: Element not found in the cache - perhaps the page has changed since it was looked up
Command duration or timeout: 15.53 seconds
For documentation on this error, please visit: http://seleniumhq.org/exceptions/stale_element_reference.html
Build info: version: '2.47.1', revision: 'unknown', time: '2015-07-30 11:02:44'
System info: host: 'Aidan', ip: '192.168.0.15', os.name: 'Windows 10', os.arch: 'amd64', os.version: '10.0', java.version: '1.8.0_66'
Driver info: org.openqa.selenium.firefox.FirefoxDriver
Capabilities [{applicationCacheEnabled=true, rotatable=false, handlesAlerts=true, databaseEnabled=true, version=42.0, platform=WINDOWS, nativeEvents=false, acceptSslCerts=true, webStorageEnabled=true, locationContextEnabled=true, browserName=firefox, takesScreenshot=true, javascriptEnabled=true, cssSelectorsEnabled=true}]
Session ID: 129c2797-9575-45d4-bb76-a4b8e27ea835
	at sun.reflect.NativeConstructorAccessorImpl.newInstance0(Native Method)
	at sun.reflect.NativeConstructorAccessorImpl.newInstance(NativeConstructorAccessorImpl.java:62)
	at sun.reflect.DelegatingConstructorAccessorImpl.newInstance(DelegatingConstructorAccessorImpl.java:45)
	at java.lang.reflect.Constructor.newInstance(Constructor.java:422)
	at org.openqa.selenium.remote.ErrorHandler.createThrowable(ErrorHandler.java:206)
	at org.openqa.selenium.remote.ErrorHandler.throwIfResponseFailed(ErrorHandler.java:158)
	at org.openqa.selenium.remote.RemoteWebDriver.execute(RemoteWebDriver.java:595)
	at org.openqa.selenium.remote.RemoteWebElement.execute(RemoteWebElement.java:273)
	at org.openqa.selenium.remote.RemoteWebElement.click(RemoteWebElement.java:84)
	at sun.reflect.NativeMethodAccessorImpl.invoke0(Native Method)
	at sun.reflect.NativeMethodAccessorImpl.invoke(NativeMethodAccessorImpl.java:62)
	at sun.reflect.DelegatingMethodAccessorImpl.invoke(DelegatingMethodAccessorImpl.java:43)
	at java.lang.reflect.Method.invoke(Method.java:497)
	at org.openqa.selenium.support.pagefactory.internal.LocatingElementHandler.invoke(LocatingElementHandler.java:51)
	at com.sun.proxy.$Proxy5.click(Unknown Source)
	at pageobjects.ProductDisplayPage.setSize(ProductDisplayPage.java:33)
	at com.learning.tests.TestCaseTestNg.testClickOnSignIn(TestCaseTestNg.java:66)
Caused by: org.openqa.selenium.StaleElementReferenceException: Element not found in the cache - perhaps the page has changed since it was looked up
For documentation on this error, please visit: http://seleniumhq.org/exceptions/stale_element_reference.html
Build info: version: '2.47.1', revision: 'unknown', time: '2015-07-30 11:02:44'
System info: host: 'Aidan', ip: '192.168.0.15', os.name: 'Windows 10', os.arch: 'amd64', os.version: '10.0', java.version: '1.8.0_66'
Driver info: driver.version: unknown
	at <anonymous class>.fxdriver.cache.getElementAt(resource://fxdriver/modules/web-element-cache.js:9348)
	at <anonymous class>.Utils.getElementAt(file:///C:/Users/Syam/AppData/Local/Temp/anonymous1853063535600330660webdriver-profile/extensions/fxdriver@googlecode.com/components/command-processor.js:8942)
	at <anonymous class>.fxdriver.preconditions.visible(file:///C:/Users/Syam/AppData/Local/Temp/anonymous1853063535600330660webdriver-profile/extensions/fxdriver@googlecode.com/components/command-processor.js:9980)
	at <anonymous class>.DelayedCommand.prototype.checkPreconditions_(file:///C:/Users/Syam/AppData/Local/Temp/anonymous1853063535600330660webdriver-profile/extensions/fxdriver@googlecode.com/components/command-processor.js:12626)
	at <anonymous class>.DelayedCommand.prototype.executeInternal_/h(file:///C:/Users/Syam/AppData/Local/Temp/anonymous1853063535600330660webdriver-profile/extensions/fxdriver@googlecode.com/components/command-processor.js:12643)
	at <anonymous class>.fxdriver.Timer.prototype.setTimeout/<.notify(file:///C:/Users/Syam/AppData/Local/Temp/anonymous1853063535600330660webdriver-profile/extensions/fxdriver@googlecode.com/components/command-processor.js:623)
]]></failure>
    <system-out><![CDATA[true
1: Select * from login WHERE TestCaseID = 'product'
Select * from login WHERE TestCaseID = 'product'
com.mysql.jdbc.JDBC42ResultSet@7f8a9499
010034350
1: Select * from login WHERE TestCaseID = 'product'
Select * from login WHERE TestCaseID = 'product'
com.mysql.jdbc.JDBC42ResultSet@24c4ddae
obj0: pageobjects.ProductListPage@37fb0bed
]]></system-out>
  </testcase>
</testsuite>