<?xml version="1.0" encoding="UTF-8"?>
<testng-results skipped="0" failed="0" total="1" passed="1">
  <reporter-output>
  </reporter-output>
  <suite name="Parallel test suite" duration-ms="51243" started-at="2015-12-09T03:21:55Z" finished-at="2015-12-09T03:22:46Z">
    <groups>
    </groups>
    <test name="Firefox Test" duration-ms="51243" started-at="2015-12-09T03:21:55Z" finished-at="2015-12-09T03:22:46Z">
      <class name="com.learning.tests.TestCaseTestNg">
        <test-method status="PASS" signature="openBrowser(java.lang.String)[pri:0, instance:com.learning.tests.TestCaseTestNg@7a79be86]" name="openBrowser" is-config="true" duration-ms="14362" started-at="2015-12-09T08:51:55Z" finished-at="2015-12-09T08:52:09Z">
          <params>
            <param index="0">
              <value>
                <![CDATA[Firefox]]>
              </value>
            </param>
          </params>
          <reporter-output>
          </reporter-output>
        </test-method> <!-- openBrowser -->
        <test-method status="PASS" signature="testClickOnSignIn()[pri:0, instance:com.learning.tests.TestCaseTestNg@7a79be86]" name="testClickOnSignIn" duration-ms="36846" started-at="2015-12-09T08:52:09Z" finished-at="2015-12-09T08:52:46Z">
          <reporter-output>
          </reporter-output>
        </test-method> <!-- testClickOnSignIn -->
      </class> <!-- com.learning.tests.TestCaseTestNg -->
    </test> <!-- Firefox Test -->
  </suite> <!-- Parallel test suite -->
</testng-results>
